<?xml version="1.0" encoding="UTF-8"?>
<Site BuildName="Win32-ninja"
	BuildStamp="20230627-1017-Experimental"
	Name="PCRODHER"
	Generator="ctest-3.24.1"
	CompilerName="C:/msys64/mingw64/bin/g++.exe"
	CompilerVersion="12.2.0"
	OSName="Windows"
	Hostname="PCRODHER"
	OSRelease=" Personal"
	OSVersion=" (Build 22621)"
	OSPlatform="AMD64"
	Is64Bits="1"
	VendorString=""
	VendorID="Unknown Manufacturer"
	FamilyID="0"
	ModelID="0"
	ProcessorCacheSize="0"
	NumberOfLogicalCPU="8"
	NumberOfPhysicalCPU="4"
	TotalVirtualMemory="28826"
	TotalPhysicalMemory="16026"
	LogicalProcessorsPerPhysical="2"
	ProcessorClockFrequency="2918"
	>
	<Testing>
		<StartDateTime>Jun 27 12:17 Hora de verano romance</StartDateTime>
		<StartTestTime>1687861063</StartTestTime>
		<TestList/>
		<EndDateTime>Jun 27 12:17 Hora de verano romance</EndDateTime>
		<EndTestTime>1687861063</EndTestTime>
		<ElapsedMinutes>0</ElapsedMinutes>
	</Testing>
</Site>
